<?xml version="1.0" encoding="UTF-8"?>
<!-- Generated by org.testng.reporters.JUnitReportReporter -->
<testsuite hostname="Sri-HP-New" failures="0" tests="1" name="Test.Demo" time="68.594" errors="0" timestamp="2023-01-31T13:08:07 IST" skipped="0">
  <testcase classname="Test.Demo" name="RunTest" time="68.594"/>
  <system-out/>
</testsuite> <!-- Test.Demo -->
