<?xml version="1.0" encoding="UTF-8"?>
<!-- Generated by org.testng.reporters.JUnitReportReporter -->
<testsuite hostname="Sri-HP-New" failures="0" tests="1" name="Test.Demo" time="30.618" errors="0" timestamp="2023-01-31T15:25:33 IST" skipped="0">
  <testcase classname="Test.Demo" name="RunTest" time="30.618"/>
  <system-out/>
</testsuite> <!-- Test.Demo -->
